<?xml version="1.0" encoding="UTF-8"?>
<!-- Generated by org.testng.reporters.JUnitReportReporter -->
<testsuite skipped="0" hostname="DESKTOP-L25R84A" name="com.qa.orangehrm.base.TestBase" tests="1" failures="0" timestamp="2020-04-26T17:30:45 BST" time="9.507" errors="0">
  <testcase name="setUp" time="9.507" classname="com.qa.orangehrm.base.TestBase"/>
  <system-out/>
</testsuite> <!-- com.qa.orangehrm.base.TestBase -->
