<?xml version="1.0" encoding="UTF-8"?>
<!-- Generated by org.testng.reporters.JUnitReportReporter -->
<testsuite skipped="0" hostname="DESKTOP-L25R84A" name="com.qa.orangehrm.test.UsersTest" tests="1" failures="0" timestamp="2020-05-11T12:08:10 BST" time="18.481" errors="0">
  <testcase name="AddUser" time="18.481" classname="com.qa.orangehrm.test.UsersTest"/>
  <system-out/>
</testsuite> <!-- com.qa.orangehrm.test.UsersTest -->
