<?xml version="1.0" encoding="UTF-8"?>
<!-- Generated by org.testng.reporters.JUnitReportReporter -->
<testsuite skipped="0" hostname="DESKTOP-L25R84A" name="com.qa.orangehrm.test.MyinfoTest" tests="5" failures="0" timestamp="2020-05-02T12:00:02 BST" time="55.305" errors="0">
  <testcase name="EnterData" time="11.039" classname="com.qa.orangehrm.test.MyinfoTest"/>
  <system-out/>
  <testcase name="EnterData" time="10.792" classname="com.qa.orangehrm.test.MyinfoTest"/>
  <system-out/>
  <testcase name="EnterData" time="10.946" classname="com.qa.orangehrm.test.MyinfoTest"/>
  <system-out/>
  <testcase name="EnterData" time="11.707" classname="com.qa.orangehrm.test.MyinfoTest"/>
  <system-out/>
  <testcase name="EnterData" time="10.821" classname="com.qa.orangehrm.test.MyinfoTest"/>
  <system-out/>
</testsuite> <!-- com.qa.orangehrm.test.MyinfoTest -->
