<?xml version="1.0" encoding="UTF-8"?>
<!-- Generated by org.testng.reporters.JUnitReportReporter -->
<testsuite skipped="0" hostname="DESKTOP-L25R84A" name="com.qa.orangehrm.test.LoginTest" tests="2" failures="0" timestamp="2020-05-11T12:08:10 BST" time="5.350" errors="0">
  <testcase name="verifyTitle" time="0.021" classname="com.qa.orangehrm.test.LoginTest"/>
  <system-out/>
  <testcase name="loginSetup" time="5.329" classname="com.qa.orangehrm.test.LoginTest"/>
  <system-out/>
</testsuite> <!-- com.qa.orangehrm.test.LoginTest -->
