<?xml version="1.0" encoding="UTF-8"?>
<!-- Generated by org.testng.reporters.JUnitReportReporter -->
<testsuite skipped="0" hostname="DESKTOP-L25R84A" name="com.qa.orangehrm.test.HomeTest" tests="1" failures="0" timestamp="2020-05-11T12:08:10 BST" time="10.730" errors="0">
  <testcase name="ClickUsersLink" time="10.730" classname="com.qa.orangehrm.test.HomeTest"/>
  <system-out/>
</testsuite> <!-- com.qa.orangehrm.test.HomeTest -->
